\BOOKMARK [1][-]{section.1}{\376\377\000I\000n\000t\000r\000o\000d\000u\000c\000t\000i\000o\000n}{}% 1
\BOOKMARK [1][-]{section.2}{\376\377\000B\000a\000c\000k\000g\000r\000o\000u\000n\000d}{}% 2
\BOOKMARK [2][-]{subsection.2.1}{\376\377\000S\000o\000m\000e\000\040\000d\000e\000f\000i\000n\000i\000t\000i\000o\000n\000s}{section.2}% 3
\BOOKMARK [2][-]{subsection.2.2}{\376\377\000S\000m\000o\000o\000t\000h\000\040\000m\000a\000n\000i\000f\000o\000l\000d\000s}{section.2}% 4
\BOOKMARK [2][-]{subsection.2.3}{\376\377\000T\000a\000n\000g\000e\000n\000t\000\040\000s\000p\000a\000c\000e}{section.2}% 5
\BOOKMARK [3][-]{subsubsection.2.3.1}{\376\377\000B\000a\000s\000i\000s\000\040\000o\000f\000\040\000t\000h\000e\000\040\000t\000a\000n\000g\000e\000n\000t\000\040\000S\000p\000a\000c\000e}{subsection.2.3}% 6
\BOOKMARK [2][-]{subsection.2.4}{\376\377\000O\000r\000i\000e\000n\000t\000a\000t\000i\000o\000n\000,\000\040\000o\000r\000i\000e\000n\000t\000a\000b\000i\000l\000i\000t\000y}{section.2}% 7
\BOOKMARK [3][-]{subsubsection.2.4.1}{\376\377\000O\000r\000i\000e\000n\000t\000i\000n\000g\000\040\000a\000\040\000m\000a\000n\000i\000f\000o\000l\000d}{subsection.2.4}% 8
\BOOKMARK [1][-]{section.3}{\376\377\000E\000x\000t\000e\000r\000i\000o\000r\000\040\000a\000l\000g\000e\000b\000r\000a}{}% 9
\BOOKMARK [2][-]{subsection.3.1}{\376\377\000T\000e\000n\000s\000o\000r\000s}{section.3}% 10
\BOOKMARK [3][-]{subsubsection.3.1.1}{\376\377\000T\000h\000e\000\040\000A\000l\000t\000\040\000t\000e\000n\000s\000o\000r}{subsection.3.1}% 11
\BOOKMARK [2][-]{subsection.3.2}{\376\377\000W\000e\000d\000g\000e\000\040\000p\000r\000o\000d\000u\000c\000t}{section.3}% 12
\BOOKMARK [1][-]{section.4}{\376\377\000D\000i\000f\000f\000e\000r\000e\000n\000t\000i\000a\000l\000\040\000f\000o\000r\000m\000s}{}% 13
\BOOKMARK [2][-]{subsection.4.1}{\376\377\000D\000i\000f\000f\000e\000r\000e\000n\000t\000i\000a\000l\000\040\000f\000o\000r\000m\000s\000\040\000o\000n\000\040\000R\000n}{section.4}% 14
\BOOKMARK [3][-]{subsubsection.4.1.1}{\376\377\000D\000u\000a\000l\000\040\000s\000p\000a\000c\000e\000\040\000o\000f\000\040\000R\000n}{subsection.4.1}% 15
\BOOKMARK [3][-]{subsubsection.4.1.2}{\376\377\000T\000h\000e\000\040\000s\000t\000a\000n\000d\000a\000r\000d\000\040\000b\000a\000s\000i\000s\000\040\000o\000f\000\040\000t\000h\000e\000\040\000d\000u\000a\000l\000\040\000s\000p\000a\000c\000e}{subsection.4.1}% 16
\BOOKMARK [3][-]{subsubsection.4.1.3}{\376\377\000G\000e\000o\000m\000e\000t\000r\000i\000c\000\040\000i\000n\000t\000e\000r\000p\000r\000e\000t\000a\000t\000i\000o\000n}{subsection.4.1}% 17
\BOOKMARK [2][-]{subsection.4.2}{\376\377\000D\000i\000f\000f\000e\000r\000e\000n\000t\000i\000a\000l\000\040\000f\000o\000r\000m\000s\000\040\000o\000n\000\040\000a\000\040\000m\000a\000n\000i\000f\000o\000l\000d}{section.4}% 18
\BOOKMARK [3][-]{subsubsection.4.2.1}{\376\377\000C\000o\000t\000a\000n\000g\000e\000n\000t\000\040\000s\000p\000a\000c\000e}{subsection.4.2}% 19
\BOOKMARK [2][-]{subsection.4.3}{\376\377\000P\000u\000l\000l\000b\000a\000c\000k\000s}{section.4}% 20
\BOOKMARK [3][-]{subsubsection.4.3.1}{\376\377\000M\000o\000t\000i\000v\000a\000t\000i\000o\000n}{subsection.4.3}% 21
\BOOKMARK [3][-]{subsubsection.4.3.2}{\376\377\000T\000h\000e\000\040\000p\000u\000l\000l\000b\000a\000c\000k}{subsection.4.3}% 22
\BOOKMARK [2][-]{subsection.4.4}{\376\377\000T\000h\000e\000\040\000e\000x\000t\000e\000r\000i\000o\000r\000\040\000d\000e\000r\000i\000v\000a\000t\000i\000v\000e\000\040\000a\000n\000d\000\040\000i\000t\000s\000\040\000p\000r\000o\000p\000e\000r\000t\000i\000e\000s}{section.4}% 23
\BOOKMARK [1][-]{section.5}{\376\377\000I\000n\000t\000e\000g\000r\000a\000t\000i\000o\000n\000\040\000o\000n\000\040\000m\000a\000n\000i\000f\000o\000l\000d\000s}{}% 24
\BOOKMARK [2][-]{subsection.5.1}{\376\377\000C\000h\000a\000n\000g\000e\000\040\000o\000f\000\040\000v\000a\000r\000i\000a\000b\000l\000e\000s}{section.5}% 25
\BOOKMARK [2][-]{subsection.5.2}{\376\377\000P\000a\000r\000t\000i\000t\000i\000o\000n\000s\000\040\000o\000f\000\040\000u\000n\000i\000t\000y}{section.5}% 26
\BOOKMARK [2][-]{subsection.5.3}{\376\377\000T\000h\000e\000\040\000i\000n\000t\000e\000g\000r\000a\000l}{section.5}% 27
\BOOKMARK [1][-]{section.6}{\376\377\000T\000h\000e\000\040\000g\000e\000n\000e\000r\000a\000l\000i\000z\000e\000d\000\040\000S\000t\000o\000k\000e\000s\000\040\000t\000h\000e\000o\000r\000e\000m}{}% 28
\BOOKMARK [2][-]{subsection.6.1}{\376\377\000S\000t\000a\000t\000e\000m\000e\000n\000t\000\040\000a\000n\000d\000\040\000p\000r\000o\000o\000f}{section.6}% 29
\BOOKMARK [1][-]{section.7}{\376\377\000C\000l\000a\000s\000s\000i\000c\000a\000l\000\040\000t\000h\000e\000o\000r\000e\000m\000s}{}% 30
\BOOKMARK [2][-]{subsection.7.1}{\376\377\000F\000u\000n\000d\000a\000m\000e\000n\000t\000a\000l\000\040\000t\000h\000e\000o\000r\000e\000m\000\040\000o\000f\000\040\000l\000i\000n\000e\000\040\000i\000n\000t\000e\000g\000r\000a\000l\000s}{section.7}% 31
\BOOKMARK [2][-]{subsection.7.2}{\376\377\000G\000r\000e\000e\000n\000s\000\040\000t\000h\000e\000o\000r\000e\000m}{section.7}% 32
\BOOKMARK [2][-]{subsection.7.3}{\376\377\000D\000i\000v\000e\000r\000g\000e\000n\000c\000e\000\040\000t\000h\000e\000o\000r\000e\000m}{section.7}% 33
\BOOKMARK [2][-]{subsection.7.4}{\376\377\000K\000e\000l\000v\000i\000n\040\023\000S\000t\000o\000k\000e\000s\000\040\000t\000h\000e\000o\000r\000e\000m}{section.7}% 34
\BOOKMARK [1][-]{section.8}{\376\377\000D\000i\000s\000c\000u\000s\000s\000i\000o\000n\000\040\000a\000n\000d\000\040\000c\000o\000n\000c\000l\000u\000s\000i\000o\000n}{}% 35
\BOOKMARK [1][-]{section.9}{\376\377\000A\000c\000k\000n\000o\000w\000l\000e\000d\000g\000e\000m\000e\000n\000t\000s}{}% 36
